0 info it worked if it ends with ok
1 verbose cli [ '/usr/local/bin/node',
1 verbose cli   '/usr/local/bin/npm',
1 verbose cli   'install',
1 verbose cli   'chalk',
1 verbose cli   '--save' ]
2 info using npm@3.10.10
3 info using node@v6.10.3
4 silly loadCurrentTree Starting
5 silly install loadCurrentTree
6 silly install readLocalPackageData
7 silly fetchPackageMetaData chalk
8 silly fetchNamedPackageData chalk
9 silly mapToRegistry name chalk
10 silly mapToRegistry using default registry
11 silly mapToRegistry registry https://registry.npmjs.org/
12 silly mapToRegistry data Result {
12 silly mapToRegistry   raw: 'chalk',
12 silly mapToRegistry   scope: null,
12 silly mapToRegistry   escapedName: 'chalk',
12 silly mapToRegistry   name: 'chalk',
12 silly mapToRegistry   rawSpec: '',
12 silly mapToRegistry   spec: 'latest',
12 silly mapToRegistry   type: 'tag' }
13 silly mapToRegistry uri https://registry.npmjs.org/chalk
14 verbose request uri https://registry.npmjs.org/chalk
15 verbose request no auth needed
16 info attempt registry request try #1 at 6:27:48 PM
17 verbose request id 94e5bffc283c988e
18 verbose etag W/"593d6760-8b75"
19 verbose lastModified Sun, 11 Jun 2017 15:53:04 GMT
20 http request GET https://registry.npmjs.org/chalk
21 http 304 https://registry.npmjs.org/chalk
22 verbose headers { date: 'Mon, 12 Jun 2017 22:27:48 GMT',
22 verbose headers   via: '1.1 varnish',
22 verbose headers   'cache-control': 'max-age=300',
22 verbose headers   etag: 'W/"593d6760-8b75"',
22 verbose headers   age: '196',
22 verbose headers   connection: 'keep-alive',
22 verbose headers   'x-served-by': 'cache-jfk8147-JFK',
22 verbose headers   'x-cache': 'HIT',
22 verbose headers   'x-cache-hits': '5',
22 verbose headers   'x-timer': 'S1497306469.714368,VS0,VE0',
22 verbose headers   vary: 'Accept-Encoding' }
23 silly get cb [ 304,
23 silly get   { date: 'Mon, 12 Jun 2017 22:27:48 GMT',
23 silly get     via: '1.1 varnish',
23 silly get     'cache-control': 'max-age=300',
23 silly get     etag: 'W/"593d6760-8b75"',
23 silly get     age: '196',
23 silly get     connection: 'keep-alive',
23 silly get     'x-served-by': 'cache-jfk8147-JFK',
23 silly get     'x-cache': 'HIT',
23 silly get     'x-cache-hits': '5',
23 silly get     'x-timer': 'S1497306469.714368,VS0,VE0',
23 silly get     vary: 'Accept-Encoding' } ]
24 verbose etag https://registry.npmjs.org/chalk from cache
25 verbose get saving chalk to /Users/smillaraaq/.npm/registry.npmjs.org/chalk/.cache.json
26 verbose correctMkdir /Users/smillaraaq/.npm correctMkdir not in flight; initializing
27 silly install normalizeTree
28 silly loadCurrentTree Finishing
29 silly loadIdealTree Starting
30 silly install loadIdealTree
31 silly cloneCurrentTree Starting
32 silly install cloneCurrentTreeToIdealTree
33 silly cloneCurrentTree Finishing
34 silly loadShrinkwrap Starting
35 silly install loadShrinkwrap
36 silly loadShrinkwrap Finishing
37 silly loadAllDepsIntoIdealTree Starting
38 silly install loadAllDepsIntoIdealTree
39 silly resolveWithNewModule chalk@1.1.3 checking installable status
40 silly cache add args [ 'chalk', null ]
41 verbose cache add spec chalk
42 silly cache add parsed spec Result {
42 silly cache add   raw: 'chalk',
42 silly cache add   scope: null,
42 silly cache add   escapedName: 'chalk',
42 silly cache add   name: 'chalk',
42 silly cache add   rawSpec: '',
42 silly cache add   spec: 'latest',
42 silly cache add   type: 'tag' }
43 silly addNamed chalk@latest
44 verbose addNamed "latest" is being treated as a dist-tag for chalk
45 info addNameTag [ 'chalk', 'latest' ]
46 silly mapToRegistry name chalk
47 silly mapToRegistry using default registry
48 silly mapToRegistry registry https://registry.npmjs.org/
49 silly mapToRegistry data Result {
49 silly mapToRegistry   raw: 'chalk',
49 silly mapToRegistry   scope: null,
49 silly mapToRegistry   escapedName: 'chalk',
49 silly mapToRegistry   name: 'chalk',
49 silly mapToRegistry   rawSpec: '',
49 silly mapToRegistry   spec: 'latest',
49 silly mapToRegistry   type: 'tag' }
50 silly mapToRegistry uri https://registry.npmjs.org/chalk
51 verbose addNameTag registry:https://registry.npmjs.org/chalk not in flight; fetching
52 verbose get https://registry.npmjs.org/chalk not expired, no request
53 silly addNameTag next cb for chalk with tag latest
54 silly addNamed chalk@1.1.3
55 verbose addNamed "1.1.3" is a plain semver version for chalk
56 silly cache afterAdd chalk@1.1.3
57 verbose afterAdd /Users/smillaraaq/.npm/chalk/1.1.3/package/package.json not in flight; writing
58 verbose correctMkdir /Users/smillaraaq/.npm correctMkdir not in flight; initializing
59 verbose afterAdd /Users/smillaraaq/.npm/chalk/1.1.3/package/package.json written
60 silly fetchNamedPackageData ansi-styles
61 silly mapToRegistry name ansi-styles
62 silly mapToRegistry using default registry
63 silly mapToRegistry registry https://registry.npmjs.org/
64 silly mapToRegistry data Result {
64 silly mapToRegistry   raw: 'ansi-styles',
64 silly mapToRegistry   scope: null,
64 silly mapToRegistry   escapedName: 'ansi-styles',
64 silly mapToRegistry   name: 'ansi-styles',
64 silly mapToRegistry   rawSpec: '',
64 silly mapToRegistry   spec: 'latest',
64 silly mapToRegistry   type: 'tag' }
65 silly mapToRegistry uri https://registry.npmjs.org/ansi-styles
66 silly fetchNamedPackageData escape-string-regexp
67 silly mapToRegistry name escape-string-regexp
68 silly mapToRegistry using default registry
69 silly mapToRegistry registry https://registry.npmjs.org/
70 silly mapToRegistry data Result {
70 silly mapToRegistry   raw: 'escape-string-regexp',
70 silly mapToRegistry   scope: null,
70 silly mapToRegistry   escapedName: 'escape-string-regexp',
70 silly mapToRegistry   name: 'escape-string-regexp',
70 silly mapToRegistry   rawSpec: '',
70 silly mapToRegistry   spec: 'latest',
70 silly mapToRegistry   type: 'tag' }
71 silly mapToRegistry uri https://registry.npmjs.org/escape-string-regexp
72 silly fetchNamedPackageData has-ansi
73 silly mapToRegistry name has-ansi
74 silly mapToRegistry using default registry
75 silly mapToRegistry registry https://registry.npmjs.org/
76 silly mapToRegistry data Result {
76 silly mapToRegistry   raw: 'has-ansi',
76 silly mapToRegistry   scope: null,
76 silly mapToRegistry   escapedName: 'has-ansi',
76 silly mapToRegistry   name: 'has-ansi',
76 silly mapToRegistry   rawSpec: '',
76 silly mapToRegistry   spec: 'latest',
76 silly mapToRegistry   type: 'tag' }
77 silly mapToRegistry uri https://registry.npmjs.org/has-ansi
78 silly fetchNamedPackageData strip-ansi
79 silly mapToRegistry name strip-ansi
80 silly mapToRegistry using default registry
81 silly mapToRegistry registry https://registry.npmjs.org/
82 silly mapToRegistry data Result {
82 silly mapToRegistry   raw: 'strip-ansi',
82 silly mapToRegistry   scope: null,
82 silly mapToRegistry   escapedName: 'strip-ansi',
82 silly mapToRegistry   name: 'strip-ansi',
82 silly mapToRegistry   rawSpec: '',
82 silly mapToRegistry   spec: 'latest',
82 silly mapToRegistry   type: 'tag' }
83 silly mapToRegistry uri https://registry.npmjs.org/strip-ansi
84 silly fetchNamedPackageData supports-color
85 silly mapToRegistry name supports-color
86 silly mapToRegistry using default registry
87 silly mapToRegistry registry https://registry.npmjs.org/
88 silly mapToRegistry data Result {
88 silly mapToRegistry   raw: 'supports-color',
88 silly mapToRegistry   scope: null,
88 silly mapToRegistry   escapedName: 'supports-color',
88 silly mapToRegistry   name: 'supports-color',
88 silly mapToRegistry   rawSpec: '',
88 silly mapToRegistry   spec: 'latest',
88 silly mapToRegistry   type: 'tag' }
89 silly mapToRegistry uri https://registry.npmjs.org/supports-color
90 verbose request uri https://registry.npmjs.org/ansi-styles
91 verbose request no auth needed
92 info attempt registry request try #1 at 6:27:48 PM
93 verbose etag W/"58d490a1-4618"
94 verbose lastModified Fri, 24 Mar 2017 03:21:05 GMT
95 http request GET https://registry.npmjs.org/ansi-styles
96 verbose request uri https://registry.npmjs.org/strip-ansi
97 verbose request no auth needed
98 info attempt registry request try #1 at 6:27:48 PM
99 verbose etag W/"58f89af4-3e57"
100 verbose lastModified Thu, 20 Apr 2017 11:26:44 GMT
101 http request GET https://registry.npmjs.org/strip-ansi
102 verbose request uri https://registry.npmjs.org/has-ansi
103 verbose request no auth needed
104 info attempt registry request try #1 at 6:27:48 PM
105 verbose etag W/"58f288ae-277a"
106 verbose lastModified Sat, 15 Apr 2017 20:55:10 GMT
107 http request GET https://registry.npmjs.org/has-ansi
108 verbose request uri https://registry.npmjs.org/escape-string-regexp
109 verbose request no auth needed
110 info attempt registry request try #1 at 6:27:48 PM
111 verbose etag W/"5933666f-247e"
112 verbose lastModified Sun, 04 Jun 2017 01:46:23 GMT
113 http request GET https://registry.npmjs.org/escape-string-regexp
114 verbose request uri https://registry.npmjs.org/supports-color
115 verbose request no auth needed
116 info attempt registry request try #1 at 6:27:48 PM
117 verbose etag W/"58d490a2-68fc"
118 verbose lastModified Fri, 24 Mar 2017 03:21:06 GMT
119 http request GET https://registry.npmjs.org/supports-color
120 http 304 https://registry.npmjs.org/ansi-styles
121 verbose headers { date: 'Mon, 12 Jun 2017 22:27:48 GMT',
121 verbose headers   via: '1.1 varnish',
121 verbose headers   'cache-control': 'max-age=300',
121 verbose headers   etag: 'W/"58d490a1-4618"',
121 verbose headers   age: '4',
121 verbose headers   connection: 'keep-alive',
121 verbose headers   'x-served-by': 'cache-jfk8147-JFK',
121 verbose headers   'x-cache': 'HIT',
121 verbose headers   'x-cache-hits': '1',
121 verbose headers   'x-timer': 'S1497306469.881032,VS0,VE1',
121 verbose headers   vary: 'Accept-Encoding' }
122 silly get cb [ 304,
122 silly get   { date: 'Mon, 12 Jun 2017 22:27:48 GMT',
122 silly get     via: '1.1 varnish',
122 silly get     'cache-control': 'max-age=300',
122 silly get     etag: 'W/"58d490a1-4618"',
122 silly get     age: '4',
122 silly get     connection: 'keep-alive',
122 silly get     'x-served-by': 'cache-jfk8147-JFK',
122 silly get     'x-cache': 'HIT',
122 silly get     'x-cache-hits': '1',
122 silly get     'x-timer': 'S1497306469.881032,VS0,VE1',
122 silly get     vary: 'Accept-Encoding' } ]
123 verbose etag https://registry.npmjs.org/ansi-styles from cache
124 verbose get saving ansi-styles to /Users/smillaraaq/.npm/registry.npmjs.org/ansi-styles/.cache.json
125 verbose correctMkdir /Users/smillaraaq/.npm correctMkdir not in flight; initializing
126 silly resolveWithNewModule ansi-styles@2.2.1 checking installable status
127 silly cache add args [ 'ansi-styles@^2.2.1', null ]
128 verbose cache add spec ansi-styles@^2.2.1
129 silly cache add parsed spec Result {
129 silly cache add   raw: 'ansi-styles@^2.2.1',
129 silly cache add   scope: null,
129 silly cache add   escapedName: 'ansi-styles',
129 silly cache add   name: 'ansi-styles',
129 silly cache add   rawSpec: '^2.2.1',
129 silly cache add   spec: '>=2.2.1 <3.0.0',
129 silly cache add   type: 'range' }
130 silly addNamed ansi-styles@>=2.2.1 <3.0.0
131 verbose addNamed ">=2.2.1 <3.0.0" is a valid semver range for ansi-styles
132 silly addNameRange { name: 'ansi-styles', range: '>=2.2.1 <3.0.0', hasData: false }
133 silly mapToRegistry name ansi-styles
134 silly mapToRegistry using default registry
135 silly mapToRegistry registry https://registry.npmjs.org/
136 silly mapToRegistry data Result {
136 silly mapToRegistry   raw: 'ansi-styles',
136 silly mapToRegistry   scope: null,
136 silly mapToRegistry   escapedName: 'ansi-styles',
136 silly mapToRegistry   name: 'ansi-styles',
136 silly mapToRegistry   rawSpec: '',
136 silly mapToRegistry   spec: 'latest',
136 silly mapToRegistry   type: 'tag' }
137 silly mapToRegistry uri https://registry.npmjs.org/ansi-styles
138 verbose addNameRange registry:https://registry.npmjs.org/ansi-styles not in flight; fetching
139 verbose get https://registry.npmjs.org/ansi-styles not expired, no request
140 silly addNameRange number 2 { name: 'ansi-styles', range: '>=2.2.1 <3.0.0', hasData: true }
141 silly addNameRange versions [ 'ansi-styles',
141 silly addNameRange   [ '0.1.0',
141 silly addNameRange     '0.1.1',
141 silly addNameRange     '0.1.2',
141 silly addNameRange     '0.2.0',
141 silly addNameRange     '1.0.0',
141 silly addNameRange     '1.1.0',
141 silly addNameRange     '2.0.0',
141 silly addNameRange     '2.0.1',
141 silly addNameRange     '2.1.0',
141 silly addNameRange     '2.2.1',
141 silly addNameRange     '3.0.0' ] ]
142 silly addNamed ansi-styles@2.2.1
143 verbose addNamed "2.2.1" is a plain semver version for ansi-styles
144 silly cache afterAdd ansi-styles@2.2.1
145 verbose afterAdd /Users/smillaraaq/.npm/ansi-styles/2.2.1/package/package.json not in flight; writing
146 verbose correctMkdir /Users/smillaraaq/.npm correctMkdir not in flight; initializing
147 http 304 https://registry.npmjs.org/has-ansi
148 verbose headers { date: 'Mon, 12 Jun 2017 22:27:48 GMT',
148 verbose headers   via: '1.1 varnish',
148 verbose headers   'cache-control': 'max-age=300',
148 verbose headers   etag: 'W/"58f288ae-277a"',
148 verbose headers   age: '141',
148 verbose headers   connection: 'keep-alive',
148 verbose headers   'x-served-by': 'cache-jfk8126-JFK',
148 verbose headers   'x-cache': 'HIT',
148 verbose headers   'x-cache-hits': '5',
148 verbose headers   'x-timer': 'S1497306469.898318,VS0,VE0',
148 verbose headers   vary: 'Accept-Encoding' }
149 silly get cb [ 304,
149 silly get   { date: 'Mon, 12 Jun 2017 22:27:48 GMT',
149 silly get     via: '1.1 varnish',
149 silly get     'cache-control': 'max-age=300',
149 silly get     etag: 'W/"58f288ae-277a"',
149 silly get     age: '141',
149 silly get     connection: 'keep-alive',
149 silly get     'x-served-by': 'cache-jfk8126-JFK',
149 silly get     'x-cache': 'HIT',
149 silly get     'x-cache-hits': '5',
149 silly get     'x-timer': 'S1497306469.898318,VS0,VE0',
149 silly get     vary: 'Accept-Encoding' } ]
150 verbose etag https://registry.npmjs.org/has-ansi from cache
151 verbose get saving has-ansi to /Users/smillaraaq/.npm/registry.npmjs.org/has-ansi/.cache.json
152 verbose correctMkdir /Users/smillaraaq/.npm correctMkdir not in flight; initializing
153 http 304 https://registry.npmjs.org/escape-string-regexp
154 verbose headers { date: 'Mon, 12 Jun 2017 22:27:48 GMT',
154 verbose headers   via: '1.1 varnish',
154 verbose headers   'cache-control': 'max-age=300',
154 verbose headers   etag: 'W/"5933666f-247e"',
154 verbose headers   age: '264',
154 verbose headers   connection: 'keep-alive',
154 verbose headers   'x-served-by': 'cache-jfk8145-JFK',
154 verbose headers   'x-cache': 'HIT',
154 verbose headers   'x-cache-hits': '4',
154 verbose headers   'x-timer': 'S1497306469.899777,VS0,VE0',
154 verbose headers   vary: 'Accept-Encoding' }
155 silly get cb [ 304,
155 silly get   { date: 'Mon, 12 Jun 2017 22:27:48 GMT',
155 silly get     via: '1.1 varnish',
155 silly get     'cache-control': 'max-age=300',
155 silly get     etag: 'W/"5933666f-247e"',
155 silly get     age: '264',
155 silly get     connection: 'keep-alive',
155 silly get     'x-served-by': 'cache-jfk8145-JFK',
155 silly get     'x-cache': 'HIT',
155 silly get     'x-cache-hits': '4',
155 silly get     'x-timer': 'S1497306469.899777,VS0,VE0',
155 silly get     vary: 'Accept-Encoding' } ]
156 verbose etag https://registry.npmjs.org/escape-string-regexp from cache
157 verbose get saving escape-string-regexp to /Users/smillaraaq/.npm/registry.npmjs.org/escape-string-regexp/.cache.json
158 verbose correctMkdir /Users/smillaraaq/.npm correctMkdir not in flight; initializing
159 http 304 https://registry.npmjs.org/strip-ansi
160 verbose headers { date: 'Mon, 12 Jun 2017 22:27:48 GMT',
160 verbose headers   via: '1.1 varnish',
160 verbose headers   'cache-control': 'max-age=300',
160 verbose headers   etag: 'W/"58f89af4-3e57"',
160 verbose headers   age: '95',
160 verbose headers   connection: 'keep-alive',
160 verbose headers   'x-served-by': 'cache-jfk8149-JFK',
160 verbose headers   'x-cache': 'HIT',
160 verbose headers   'x-cache-hits': '7',
160 verbose headers   'x-timer': 'S1497306469.899667,VS0,VE0',
160 verbose headers   vary: 'Accept-Encoding' }
161 silly get cb [ 304,
161 silly get   { date: 'Mon, 12 Jun 2017 22:27:48 GMT',
161 silly get     via: '1.1 varnish',
161 silly get     'cache-control': 'max-age=300',
161 silly get     etag: 'W/"58f89af4-3e57"',
161 silly get     age: '95',
161 silly get     connection: 'keep-alive',
161 silly get     'x-served-by': 'cache-jfk8149-JFK',
161 silly get     'x-cache': 'HIT',
161 silly get     'x-cache-hits': '7',
161 silly get     'x-timer': 'S1497306469.899667,VS0,VE0',
161 silly get     vary: 'Accept-Encoding' } ]
162 verbose etag https://registry.npmjs.org/strip-ansi from cache
163 verbose get saving strip-ansi to /Users/smillaraaq/.npm/registry.npmjs.org/strip-ansi/.cache.json
164 verbose correctMkdir /Users/smillaraaq/.npm correctMkdir not in flight; initializing
165 verbose afterAdd /Users/smillaraaq/.npm/ansi-styles/2.2.1/package/package.json written
166 http 304 https://registry.npmjs.org/supports-color
167 verbose headers { date: 'Mon, 12 Jun 2017 22:27:48 GMT',
167 verbose headers   via: '1.1 varnish',
167 verbose headers   'cache-control': 'max-age=300',
167 verbose headers   etag: 'W/"58d490a2-68fc"',
167 verbose headers   age: '142',
167 verbose headers   connection: 'keep-alive',
167 verbose headers   'x-served-by': 'cache-jfk8122-JFK',
167 verbose headers   'x-cache': 'HIT',
167 verbose headers   'x-cache-hits': '8',
167 verbose headers   'x-timer': 'S1497306469.911573,VS0,VE0',
167 verbose headers   vary: 'Accept-Encoding' }
168 silly get cb [ 304,
168 silly get   { date: 'Mon, 12 Jun 2017 22:27:48 GMT',
168 silly get     via: '1.1 varnish',
168 silly get     'cache-control': 'max-age=300',
168 silly get     etag: 'W/"58d490a2-68fc"',
168 silly get     age: '142',
168 silly get     connection: 'keep-alive',
168 silly get     'x-served-by': 'cache-jfk8122-JFK',
168 silly get     'x-cache': 'HIT',
168 silly get     'x-cache-hits': '8',
168 silly get     'x-timer': 'S1497306469.911573,VS0,VE0',
168 silly get     vary: 'Accept-Encoding' } ]
169 verbose etag https://registry.npmjs.org/supports-color from cache
170 verbose get saving supports-color to /Users/smillaraaq/.npm/registry.npmjs.org/supports-color/.cache.json
171 verbose correctMkdir /Users/smillaraaq/.npm correctMkdir not in flight; initializing
172 silly resolveWithNewModule has-ansi@2.0.0 checking installable status
173 silly cache add args [ 'has-ansi@^2.0.0', null ]
174 verbose cache add spec has-ansi@^2.0.0
175 silly cache add parsed spec Result {
175 silly cache add   raw: 'has-ansi@^2.0.0',
175 silly cache add   scope: null,
175 silly cache add   escapedName: 'has-ansi',
175 silly cache add   name: 'has-ansi',
175 silly cache add   rawSpec: '^2.0.0',
175 silly cache add   spec: '>=2.0.0 <3.0.0',
175 silly cache add   type: 'range' }
176 silly addNamed has-ansi@>=2.0.0 <3.0.0
177 verbose addNamed ">=2.0.0 <3.0.0" is a valid semver range for has-ansi
178 silly addNameRange { name: 'has-ansi', range: '>=2.0.0 <3.0.0', hasData: false }
179 silly mapToRegistry name has-ansi
180 silly mapToRegistry using default registry
181 silly mapToRegistry registry https://registry.npmjs.org/
182 silly mapToRegistry data Result {
182 silly mapToRegistry   raw: 'has-ansi',
182 silly mapToRegistry   scope: null,
182 silly mapToRegistry   escapedName: 'has-ansi',
182 silly mapToRegistry   name: 'has-ansi',
182 silly mapToRegistry   rawSpec: '',
182 silly mapToRegistry   spec: 'latest',
182 silly mapToRegistry   type: 'tag' }
183 silly mapToRegistry uri https://registry.npmjs.org/has-ansi
184 verbose addNameRange registry:https://registry.npmjs.org/has-ansi not in flight; fetching
185 silly resolveWithNewModule escape-string-regexp@1.0.5 checking installable status
186 silly cache add args [ 'escape-string-regexp@^1.0.2', null ]
187 verbose cache add spec escape-string-regexp@^1.0.2
188 silly cache add parsed spec Result {
188 silly cache add   raw: 'escape-string-regexp@^1.0.2',
188 silly cache add   scope: null,
188 silly cache add   escapedName: 'escape-string-regexp',
188 silly cache add   name: 'escape-string-regexp',
188 silly cache add   rawSpec: '^1.0.2',
188 silly cache add   spec: '>=1.0.2 <2.0.0',
188 silly cache add   type: 'range' }
189 silly addNamed escape-string-regexp@>=1.0.2 <2.0.0
190 verbose addNamed ">=1.0.2 <2.0.0" is a valid semver range for escape-string-regexp
191 silly addNameRange { name: 'escape-string-regexp',
191 silly addNameRange   range: '>=1.0.2 <2.0.0',
191 silly addNameRange   hasData: false }
192 silly mapToRegistry name escape-string-regexp
193 silly mapToRegistry using default registry
194 silly mapToRegistry registry https://registry.npmjs.org/
195 silly mapToRegistry data Result {
195 silly mapToRegistry   raw: 'escape-string-regexp',
195 silly mapToRegistry   scope: null,
195 silly mapToRegistry   escapedName: 'escape-string-regexp',
195 silly mapToRegistry   name: 'escape-string-regexp',
195 silly mapToRegistry   rawSpec: '',
195 silly mapToRegistry   spec: 'latest',
195 silly mapToRegistry   type: 'tag' }
196 silly mapToRegistry uri https://registry.npmjs.org/escape-string-regexp
197 verbose addNameRange registry:https://registry.npmjs.org/escape-string-regexp not in flight; fetching
198 silly resolveWithNewModule strip-ansi@3.0.1 checking installable status
199 silly cache add args [ 'strip-ansi@^3.0.0', null ]
200 verbose cache add spec strip-ansi@^3.0.0
201 silly cache add parsed spec Result {
201 silly cache add   raw: 'strip-ansi@^3.0.0',
201 silly cache add   scope: null,
201 silly cache add   escapedName: 'strip-ansi',
201 silly cache add   name: 'strip-ansi',
201 silly cache add   rawSpec: '^3.0.0',
201 silly cache add   spec: '>=3.0.0 <4.0.0',
201 silly cache add   type: 'range' }
202 silly addNamed strip-ansi@>=3.0.0 <4.0.0
203 verbose addNamed ">=3.0.0 <4.0.0" is a valid semver range for strip-ansi
204 silly addNameRange { name: 'strip-ansi', range: '>=3.0.0 <4.0.0', hasData: false }
205 silly mapToRegistry name strip-ansi
206 silly mapToRegistry using default registry
207 silly mapToRegistry registry https://registry.npmjs.org/
208 silly mapToRegistry data Result {
208 silly mapToRegistry   raw: 'strip-ansi',
208 silly mapToRegistry   scope: null,
208 silly mapToRegistry   escapedName: 'strip-ansi',
208 silly mapToRegistry   name: 'strip-ansi',
208 silly mapToRegistry   rawSpec: '',
208 silly mapToRegistry   spec: 'latest',
208 silly mapToRegistry   type: 'tag' }
209 silly mapToRegistry uri https://registry.npmjs.org/strip-ansi
210 verbose addNameRange registry:https://registry.npmjs.org/strip-ansi not in flight; fetching
211 verbose get https://registry.npmjs.org/has-ansi not expired, no request
212 silly addNameRange number 2 { name: 'has-ansi', range: '>=2.0.0 <3.0.0', hasData: true }
213 silly addNameRange versions [ 'has-ansi',
213 silly addNameRange   [ '0.1.0', '1.0.0', '1.0.1', '1.0.2', '1.0.3', '2.0.0' ] ]
214 silly addNamed has-ansi@2.0.0
215 verbose addNamed "2.0.0" is a plain semver version for has-ansi
216 verbose get https://registry.npmjs.org/escape-string-regexp not expired, no request
217 silly addNameRange number 2 { name: 'escape-string-regexp',
217 silly addNameRange   range: '>=1.0.2 <2.0.0',
217 silly addNameRange   hasData: true }
218 silly addNameRange versions [ 'escape-string-regexp',
218 silly addNameRange   [ '1.0.0', '1.0.1', '1.0.2', '1.0.3', '1.0.4', '1.0.5' ] ]
219 silly addNamed escape-string-regexp@1.0.5
220 verbose addNamed "1.0.5" is a plain semver version for escape-string-regexp
221 verbose get https://registry.npmjs.org/strip-ansi not expired, no request
222 silly addNameRange number 2 { name: 'strip-ansi', range: '>=3.0.0 <4.0.0', hasData: true }
223 silly addNameRange versions [ 'strip-ansi',
223 silly addNameRange   [ '0.1.0',
223 silly addNameRange     '0.1.1',
223 silly addNameRange     '0.2.0',
223 silly addNameRange     '0.2.1',
223 silly addNameRange     '0.2.2',
223 silly addNameRange     '0.3.0',
223 silly addNameRange     '1.0.0',
223 silly addNameRange     '2.0.0',
223 silly addNameRange     '2.0.1',
223 silly addNameRange     '3.0.0',
223 silly addNameRange     '3.0.1' ] ]
224 silly addNamed strip-ansi@3.0.1
225 verbose addNamed "3.0.1" is a plain semver version for strip-ansi
226 silly resolveWithNewModule supports-color@2.0.0 checking installable status
227 silly cache add args [ 'supports-color@^2.0.0', null ]
228 verbose cache add spec supports-color@^2.0.0
229 silly cache add parsed spec Result {
229 silly cache add   raw: 'supports-color@^2.0.0',
229 silly cache add   scope: null,
229 silly cache add   escapedName: 'supports-color',
229 silly cache add   name: 'supports-color',
229 silly cache add   rawSpec: '^2.0.0',
229 silly cache add   spec: '>=2.0.0 <3.0.0',
229 silly cache add   type: 'range' }
230 silly addNamed supports-color@>=2.0.0 <3.0.0
231 verbose addNamed ">=2.0.0 <3.0.0" is a valid semver range for supports-color
232 silly addNameRange { name: 'supports-color',
232 silly addNameRange   range: '>=2.0.0 <3.0.0',
232 silly addNameRange   hasData: false }
233 silly mapToRegistry name supports-color
234 silly mapToRegistry using default registry
235 silly mapToRegistry registry https://registry.npmjs.org/
236 silly mapToRegistry data Result {
236 silly mapToRegistry   raw: 'supports-color',
236 silly mapToRegistry   scope: null,
236 silly mapToRegistry   escapedName: 'supports-color',
236 silly mapToRegistry   name: 'supports-color',
236 silly mapToRegistry   rawSpec: '',
236 silly mapToRegistry   spec: 'latest',
236 silly mapToRegistry   type: 'tag' }
237 silly mapToRegistry uri https://registry.npmjs.org/supports-color
238 verbose addNameRange registry:https://registry.npmjs.org/supports-color not in flight; fetching
239 silly cache afterAdd has-ansi@2.0.0
240 verbose afterAdd /Users/smillaraaq/.npm/has-ansi/2.0.0/package/package.json not in flight; writing
241 verbose correctMkdir /Users/smillaraaq/.npm correctMkdir not in flight; initializing
242 silly cache afterAdd escape-string-regexp@1.0.5
243 verbose afterAdd /Users/smillaraaq/.npm/escape-string-regexp/1.0.5/package/package.json not in flight; writing
244 verbose correctMkdir /Users/smillaraaq/.npm correctMkdir not in flight; initializing
245 silly cache afterAdd strip-ansi@3.0.1
246 verbose afterAdd /Users/smillaraaq/.npm/strip-ansi/3.0.1/package/package.json not in flight; writing
247 verbose correctMkdir /Users/smillaraaq/.npm correctMkdir not in flight; initializing
248 verbose get https://registry.npmjs.org/supports-color not expired, no request
249 silly addNameRange number 2 { name: 'supports-color',
249 silly addNameRange   range: '>=2.0.0 <3.0.0',
249 silly addNameRange   hasData: true }
250 silly addNameRange versions [ 'supports-color',
250 silly addNameRange   [ '0.2.0',
250 silly addNameRange     '1.0.0',
250 silly addNameRange     '1.1.0',
250 silly addNameRange     '1.2.0',
250 silly addNameRange     '1.2.1',
250 silly addNameRange     '1.3.0',
250 silly addNameRange     '1.3.1',
250 silly addNameRange     '2.0.0',
250 silly addNameRange     '3.0.0',
250 silly addNameRange     '3.0.1',
250 silly addNameRange     '3.1.0',
250 silly addNameRange     '3.1.1',
250 silly addNameRange     '3.1.2',
250 silly addNameRange     '3.2.0',
250 silly addNameRange     '3.2.1',
250 silly addNameRange     '3.2.2',
250 silly addNameRange     '3.2.3' ] ]
251 silly addNamed supports-color@2.0.0
252 verbose addNamed "2.0.0" is a plain semver version for supports-color
253 verbose afterAdd /Users/smillaraaq/.npm/has-ansi/2.0.0/package/package.json written
254 verbose afterAdd /Users/smillaraaq/.npm/escape-string-regexp/1.0.5/package/package.json written
255 silly cache afterAdd supports-color@2.0.0
256 verbose afterAdd /Users/smillaraaq/.npm/supports-color/2.0.0/package/package.json not in flight; writing
257 verbose correctMkdir /Users/smillaraaq/.npm correctMkdir not in flight; initializing
258 verbose afterAdd /Users/smillaraaq/.npm/strip-ansi/3.0.1/package/package.json written
259 verbose afterAdd /Users/smillaraaq/.npm/supports-color/2.0.0/package/package.json written
260 silly fetchNamedPackageData ansi-regex
261 silly mapToRegistry name ansi-regex
262 silly mapToRegistry using default registry
263 silly mapToRegistry registry https://registry.npmjs.org/
264 silly mapToRegistry data Result {
264 silly mapToRegistry   raw: 'ansi-regex',
264 silly mapToRegistry   scope: null,
264 silly mapToRegistry   escapedName: 'ansi-regex',
264 silly mapToRegistry   name: 'ansi-regex',
264 silly mapToRegistry   rawSpec: '',
264 silly mapToRegistry   spec: 'latest',
264 silly mapToRegistry   type: 'tag' }
265 silly mapToRegistry uri https://registry.npmjs.org/ansi-regex
266 verbose request uri https://registry.npmjs.org/ansi-regex
267 verbose request no auth needed
268 info attempt registry request try #1 at 6:27:48 PM
269 verbose etag W/"58d490a3-3461"
270 verbose lastModified Fri, 24 Mar 2017 03:21:07 GMT
271 http request GET https://registry.npmjs.org/ansi-regex
272 http 304 https://registry.npmjs.org/ansi-regex
273 verbose headers { date: 'Mon, 12 Jun 2017 22:27:48 GMT',
273 verbose headers   via: '1.1 varnish',
273 verbose headers   'cache-control': 'max-age=300',
273 verbose headers   etag: 'W/"58d490a3-3461"',
273 verbose headers   age: '132',
273 verbose headers   connection: 'keep-alive',
273 verbose headers   'x-served-by': 'cache-jfk8147-JFK',
273 verbose headers   'x-cache': 'HIT',
273 verbose headers   'x-cache-hits': '6',
273 verbose headers   'x-timer': 'S1497306469.980398,VS0,VE0',
273 verbose headers   vary: 'Accept-Encoding' }
274 silly get cb [ 304,
274 silly get   { date: 'Mon, 12 Jun 2017 22:27:48 GMT',
274 silly get     via: '1.1 varnish',
274 silly get     'cache-control': 'max-age=300',
274 silly get     etag: 'W/"58d490a3-3461"',
274 silly get     age: '132',
274 silly get     connection: 'keep-alive',
274 silly get     'x-served-by': 'cache-jfk8147-JFK',
274 silly get     'x-cache': 'HIT',
274 silly get     'x-cache-hits': '6',
274 silly get     'x-timer': 'S1497306469.980398,VS0,VE0',
274 silly get     vary: 'Accept-Encoding' } ]
275 verbose etag https://registry.npmjs.org/ansi-regex from cache
276 verbose get saving ansi-regex to /Users/smillaraaq/.npm/registry.npmjs.org/ansi-regex/.cache.json
277 verbose correctMkdir /Users/smillaraaq/.npm correctMkdir not in flight; initializing
278 silly resolveWithNewModule ansi-regex@2.1.1 checking installable status
279 silly cache add args [ 'ansi-regex@^2.0.0', null ]
280 verbose cache add spec ansi-regex@^2.0.0
281 silly cache add parsed spec Result {
281 silly cache add   raw: 'ansi-regex@^2.0.0',
281 silly cache add   scope: null,
281 silly cache add   escapedName: 'ansi-regex',
281 silly cache add   name: 'ansi-regex',
281 silly cache add   rawSpec: '^2.0.0',
281 silly cache add   spec: '>=2.0.0 <3.0.0',
281 silly cache add   type: 'range' }
282 silly addNamed ansi-regex@>=2.0.0 <3.0.0
283 verbose addNamed ">=2.0.0 <3.0.0" is a valid semver range for ansi-regex
284 silly addNameRange { name: 'ansi-regex', range: '>=2.0.0 <3.0.0', hasData: false }
285 silly mapToRegistry name ansi-regex
286 silly mapToRegistry using default registry
287 silly mapToRegistry registry https://registry.npmjs.org/
288 silly mapToRegistry data Result {
288 silly mapToRegistry   raw: 'ansi-regex',
288 silly mapToRegistry   scope: null,
288 silly mapToRegistry   escapedName: 'ansi-regex',
288 silly mapToRegistry   name: 'ansi-regex',
288 silly mapToRegistry   rawSpec: '',
288 silly mapToRegistry   spec: 'latest',
288 silly mapToRegistry   type: 'tag' }
289 silly mapToRegistry uri https://registry.npmjs.org/ansi-regex
290 verbose addNameRange registry:https://registry.npmjs.org/ansi-regex not in flight; fetching
291 verbose get https://registry.npmjs.org/ansi-regex not expired, no request
292 silly addNameRange number 2 { name: 'ansi-regex', range: '>=2.0.0 <3.0.0', hasData: true }
293 silly addNameRange versions [ 'ansi-regex',
293 silly addNameRange   [ '0.1.0',
293 silly addNameRange     '0.2.0',
293 silly addNameRange     '0.2.1',
293 silly addNameRange     '1.0.0',
293 silly addNameRange     '1.1.0',
293 silly addNameRange     '1.1.1',
293 silly addNameRange     '2.0.0',
293 silly addNameRange     '2.1.1' ] ]
294 silly addNamed ansi-regex@2.1.1
295 verbose addNamed "2.1.1" is a plain semver version for ansi-regex
296 silly cache afterAdd ansi-regex@2.1.1
297 verbose afterAdd /Users/smillaraaq/.npm/ansi-regex/2.1.1/package/package.json not in flight; writing
298 verbose correctMkdir /Users/smillaraaq/.npm correctMkdir not in flight; initializing
299 verbose afterAdd /Users/smillaraaq/.npm/ansi-regex/2.1.1/package/package.json written
300 silly loadAllDepsIntoIdealTree Finishing
301 silly loadIdealTree Finishing
302 silly currentTree twitter-js@1.0.0
302 silly currentTree ├── accepts@1.3.3
302 silly currentTree ├── array-flatten@1.1.1
302 silly currentTree ├── content-disposition@0.5.2
302 silly currentTree ├── content-type@1.0.2
302 silly currentTree ├── cookie-signature@1.0.6
302 silly currentTree ├── cookie@0.3.1
302 silly currentTree ├── debug@2.6.7
302 silly currentTree ├── depd@1.1.0
302 silly currentTree ├── destroy@1.0.4
302 silly currentTree ├── ee-first@1.1.1
302 silly currentTree ├── encodeurl@1.0.1
302 silly currentTree ├── escape-html@1.0.3
302 silly currentTree ├── etag@1.8.0
302 silly currentTree ├── express@4.15.3
302 silly currentTree ├── finalhandler@1.0.3
302 silly currentTree ├── forwarded@0.1.0
302 silly currentTree ├── fresh@0.5.0
302 silly currentTree ├── http-errors@1.6.1
302 silly currentTree ├── inherits@2.0.3
302 silly currentTree ├── ipaddr.js@1.3.0
302 silly currentTree ├── media-typer@0.3.0
302 silly currentTree ├── merge-descriptors@1.0.1
302 silly currentTree ├── methods@1.1.2
302 silly currentTree ├── mime-db@1.27.0
302 silly currentTree ├── mime-types@2.1.15
302 silly currentTree ├── mime@1.3.4
302 silly currentTree ├── ms@2.0.0
302 silly currentTree ├── negotiator@0.6.1
302 silly currentTree ├── on-finished@2.3.0
302 silly currentTree ├── parseurl@1.3.1
302 silly currentTree ├── path-to-regexp@0.1.7
302 silly currentTree ├── proxy-addr@1.1.4
302 silly currentTree ├── qs@6.4.0
302 silly currentTree ├── range-parser@1.2.0
302 silly currentTree ├── send@0.15.3
302 silly currentTree ├── serve-static@1.12.3
302 silly currentTree ├── setprototypeof@1.0.3
302 silly currentTree ├── statuses@1.3.1
302 silly currentTree ├── type-is@1.6.15
302 silly currentTree ├── unpipe@1.0.0
302 silly currentTree ├── utils-merge@1.0.0
302 silly currentTree └── vary@1.1.1
303 silly idealTree twitter-js@1.0.0
303 silly idealTree ├── accepts@1.3.3
303 silly idealTree ├── ansi-regex@2.1.1
303 silly idealTree ├── ansi-styles@2.2.1
303 silly idealTree ├── array-flatten@1.1.1
303 silly idealTree ├── chalk@1.1.3
303 silly idealTree ├── content-disposition@0.5.2
303 silly idealTree ├── content-type@1.0.2
303 silly idealTree ├── cookie-signature@1.0.6
303 silly idealTree ├── cookie@0.3.1
303 silly idealTree ├── debug@2.6.7
303 silly idealTree ├── depd@1.1.0
303 silly idealTree ├── destroy@1.0.4
303 silly idealTree ├── ee-first@1.1.1
303 silly idealTree ├── encodeurl@1.0.1
303 silly idealTree ├── escape-html@1.0.3
303 silly idealTree ├── escape-string-regexp@1.0.5
303 silly idealTree ├── etag@1.8.0
303 silly idealTree ├── express@4.15.3
303 silly idealTree ├── finalhandler@1.0.3
303 silly idealTree ├── forwarded@0.1.0
303 silly idealTree ├── fresh@0.5.0
303 silly idealTree ├── has-ansi@2.0.0
303 silly idealTree ├── http-errors@1.6.1
303 silly idealTree ├── inherits@2.0.3
303 silly idealTree ├── ipaddr.js@1.3.0
303 silly idealTree ├── media-typer@0.3.0
303 silly idealTree ├── merge-descriptors@1.0.1
303 silly idealTree ├── methods@1.1.2
303 silly idealTree ├── mime-db@1.27.0
303 silly idealTree ├── mime-types@2.1.15
303 silly idealTree ├── mime@1.3.4
303 silly idealTree ├── ms@2.0.0
303 silly idealTree ├── negotiator@0.6.1
303 silly idealTree ├── on-finished@2.3.0
303 silly idealTree ├── parseurl@1.3.1
303 silly idealTree ├── path-to-regexp@0.1.7
303 silly idealTree ├── proxy-addr@1.1.4
303 silly idealTree ├── qs@6.4.0
303 silly idealTree ├── range-parser@1.2.0
303 silly idealTree ├── send@0.15.3
303 silly idealTree ├── serve-static@1.12.3
303 silly idealTree ├── setprototypeof@1.0.3
303 silly idealTree ├── statuses@1.3.1
303 silly idealTree ├── strip-ansi@3.0.1
303 silly idealTree ├── supports-color@2.0.0
303 silly idealTree ├── type-is@1.6.15
303 silly idealTree ├── unpipe@1.0.0
303 silly idealTree ├── utils-merge@1.0.0
303 silly idealTree └── vary@1.1.1
304 silly generateActionsToTake Starting
305 silly install generateActionsToTake
306 warn checkPermissions Missing write access to /Users/smillaraaq/Downloads/Fullstack Academy/Grace Hopper/June Cohort/Week2/twitter-js/node_modules
307 silly rollbackFailedOptional Starting
308 silly rollbackFailedOptional Finishing
309 silly runTopLevelLifecycles Finishing
310 silly install printInstalled
311 warn twitter-js@1.0.0 No repository field.
312 verbose If you need help, you may report this error at:
312 verbose     <https://github.com/npm/npm/issues>
313 verbose stack Error: EACCES: permission denied, access '/Users/smillaraaq/Downloads/Fullstack Academy/Grace Hopper/June Cohort/Week2/twitter-js/node_modules'
313 verbose stack     at Error (native)
314 verbose cwd /Users/smillaraaq/Downloads/Fullstack Academy/Grace Hopper/June Cohort/Week2/twitter-js
315 error Darwin 15.6.0
316 error argv "/usr/local/bin/node" "/usr/local/bin/npm" "install" "chalk" "--save"
317 error node v6.10.3
318 error npm  v3.10.10
319 error path /Users/smillaraaq/Downloads/Fullstack Academy/Grace Hopper/June Cohort/Week2/twitter-js/node_modules
320 error code EACCES
321 error errno -13
322 error syscall access
323 error Error: EACCES: permission denied, access '/Users/smillaraaq/Downloads/Fullstack Academy/Grace Hopper/June Cohort/Week2/twitter-js/node_modules'
323 error     at Error (native)
323 error  { Error: EACCES: permission denied, access '/Users/smillaraaq/Downloads/Fullstack Academy/Grace Hopper/June Cohort/Week2/twitter-js/node_modules'
323 error     at Error (native)
323 error   errno: -13,
323 error   code: 'EACCES',
323 error   syscall: 'access',
323 error   path: '/Users/smillaraaq/Downloads/Fullstack Academy/Grace Hopper/June Cohort/Week2/twitter-js/node_modules' }
324 error Please try running this command again as root/Administrator.
325 verbose exit [ -13, true ]
